C:\Program Files\Microsoft Visual Studio\2022\Community\MSBuild\Microsoft\VC\v170\Microsoft.CppBuild.targets(531,5): warning MSB8028: 중간 디렉터리(x64\Debug\)에 다른 프로젝트(Kundol.vcxproj)에서 공유하는 파일이 포함되어 있습니다.  이로 인해 잘못된 정리 및 다시 빌드 동작이 수행될 수 있습니다.
  softeer_LV3_4.cpp
C:\Users\hong\source\repos\AlgorithmStudy\AlgorithmStudy\softeer_LV3_4.cpp(23,25): error C2672: 'begin': 일치하는 오버로드된 함수가 없습니다.
      C:\Program Files\Microsoft Visual Studio\2022\Community\VC\Tools\MSVC\14.41.34120\include\xutility(1962,27):
      '_Ty *std::begin(_Ty (&)[_Size]) noexcept'일 수 있습니다.
          C:\Users\hong\source\repos\AlgorithmStudy\AlgorithmStudy\softeer_LV3_4.cpp(23,25):
          '_Ty *std::begin(_Ty (&)[_Size]) noexcept': '_Ty'에서 '_Ty (&)[_Size]'에 대한 템플릿 인수를 추론할 수 없습니다.
          with
          [
              _Ty=int
          ]
      C:\Program Files\Microsoft Visual Studio\2022\Community\VC\Tools\MSVC\14.41.34120\include\xutility(1944,30):
      또는       'unknown-type std::begin(const _Container &) noexcept(<expr>)'
          C:\Users\hong\source\repos\AlgorithmStudy\AlgorithmStudy\softeer_LV3_4.cpp(23,25):
          함수 템플릿 'unknown-type std::begin(const _Container &) noexcept(<expr>)'을(를) 특수화하지 못했습니다.
              C:\Users\hong\source\repos\AlgorithmStudy\AlgorithmStudy\softeer_LV3_4.cpp(23,25):
              다음 템플릿 인수 사용:
                  C:\Users\hong\source\repos\AlgorithmStudy\AlgorithmStudy\softeer_LV3_4.cpp(23,25):
                  '_Container=_Ty'
              C:\Program Files\Microsoft Visual Studio\2022\Community\VC\Tools\MSVC\14.41.34120\include\xutility(1945,23):
              '.begin' 왼쪽에는 클래스/구조체/공용 구조체가 있어야 합니다.
                  C:\Program Files\Microsoft Visual Studio\2022\Community\VC\Tools\MSVC\14.41.34120\include\xutility(1945,23):
                  'const _Container' 형식입니다.
          with
          [
              _Container=int
          ]
      C:\Program Files\Microsoft Visual Studio\2022\Community\VC\Tools\MSVC\14.41.34120\include\xutility(1938,30):
      또는       'unknown-type std::begin(_Container &) noexcept(<expr>)'
          C:\Users\hong\source\repos\AlgorithmStudy\AlgorithmStudy\softeer_LV3_4.cpp(23,25):
          함수 템플릿 'unknown-type std::begin(_Container &) noexcept(<expr>)'을(를) 특수화하지 못했습니다.
              C:\Users\hong\source\repos\AlgorithmStudy\AlgorithmStudy\softeer_LV3_4.cpp(23,25):
              다음 템플릿 인수 사용:
                  C:\Users\hong\source\repos\AlgorithmStudy\AlgorithmStudy\softeer_LV3_4.cpp(23,25):
                  '_Container=_Ty'
              C:\Program Files\Microsoft Visual Studio\2022\Community\VC\Tools\MSVC\14.41.34120\include\xutility(1939,23):
              '.begin' 왼쪽에는 클래스/구조체/공용 구조체가 있어야 합니다.
                  C:\Program Files\Microsoft Visual Studio\2022\Community\VC\Tools\MSVC\14.41.34120\include\xutility(1939,23):
                  '_Container' 형식입니다.
          with
          [
              _Container=int
          ]
      C:\Program Files\Microsoft Visual Studio\2022\Community\VC\Tools\MSVC\14.41.34120\include\initializer_list(54,35):
      또는       'const _Elem *std::begin(std::initializer_list<_Elem>) noexcept'
          C:\Users\hong\source\repos\AlgorithmStudy\AlgorithmStudy\softeer_LV3_4.cpp(23,25):
          'const _Elem *std::begin(std::initializer_list<_Elem>) noexcept': '_Ty'에서 'std::initializer_list<_Elem>'에 대한 템플릿 인수를 추론할 수 없습니다.
          with
          [
              _Ty=int
          ]
  
C:\Users\hong\source\repos\AlgorithmStudy\AlgorithmStudy\softeer_LV3_4.cpp(23,25): error C2672: 'end': 일치하는 오버로드된 함수가 없습니다.
      C:\Program Files\Microsoft Visual Studio\2022\Community\VC\Tools\MSVC\14.41.34120\include\xutility(1967,27):
      '_Ty *std::end(_Ty (&)[_Size]) noexcept'일 수 있습니다.
          C:\Users\hong\source\repos\AlgorithmStudy\AlgorithmStudy\softeer_LV3_4.cpp(23,25):
          '_Ty *std::end(_Ty (&)[_Size]) noexcept': '_Ty'에서 '_Ty (&)[_Size]'에 대한 템플릿 인수를 추론할 수 없습니다.
          with
          [
              _Ty=int
          ]
      C:\Program Files\Microsoft Visual Studio\2022\Community\VC\Tools\MSVC\14.41.34120\include\xutility(1956,30):
      또는       'unknown-type std::end(const _Container &) noexcept(<expr>)'
          C:\Users\hong\source\repos\AlgorithmStudy\AlgorithmStudy\softeer_LV3_4.cpp(23,25):
          함수 템플릿 'unknown-type std::end(const _Container &) noexcept(<expr>)'을(를) 특수화하지 못했습니다.
              C:\Users\hong\source\repos\AlgorithmStudy\AlgorithmStudy\softeer_LV3_4.cpp(23,25):
              다음 템플릿 인수 사용:
                  C:\Users\hong\source\repos\AlgorithmStudy\AlgorithmStudy\softeer_LV3_4.cpp(23,25):
                  '_Container=_Ty'
              C:\Program Files\Microsoft Visual Studio\2022\Community\VC\Tools\MSVC\14.41.34120\include\xutility(1957,23):
              '.end' 왼쪽에는 클래스/구조체/공용 구조체가 있어야 합니다.
                  C:\Program Files\Microsoft Visual Studio\2022\Community\VC\Tools\MSVC\14.41.34120\include\xutility(1957,23):
                  'const _Container' 형식입니다.
          with
          [
              _Container=int
          ]
      C:\Program Files\Microsoft Visual Studio\2022\Community\VC\Tools\MSVC\14.41.34120\include\xutility(1950,30):
      또는       'unknown-type std::end(_Container &) noexcept(<expr>)'
          C:\Users\hong\source\repos\AlgorithmStudy\AlgorithmStudy\softeer_LV3_4.cpp(23,25):
          함수 템플릿 'unknown-type std::end(_Container &) noexcept(<expr>)'을(를) 특수화하지 못했습니다.
              C:\Users\hong\source\repos\AlgorithmStudy\AlgorithmStudy\softeer_LV3_4.cpp(23,25):
              다음 템플릿 인수 사용:
                  C:\Users\hong\source\repos\AlgorithmStudy\AlgorithmStudy\softeer_LV3_4.cpp(23,25):
                  '_Container=_Ty'
              C:\Program Files\Microsoft Visual Studio\2022\Community\VC\Tools\MSVC\14.41.34120\include\xutility(1951,23):
              '.end' 왼쪽에는 클래스/구조체/공용 구조체가 있어야 합니다.
                  C:\Program Files\Microsoft Visual Studio\2022\Community\VC\Tools\MSVC\14.41.34120\include\xutility(1951,23):
                  '_Container' 형식입니다.
          with
          [
              _Container=int
          ]
      C:\Program Files\Microsoft Visual Studio\2022\Community\VC\Tools\MSVC\14.41.34120\include\initializer_list(59,35):
      또는       'const _Elem *std::end(std::initializer_list<_Elem>) noexcept'
          C:\Users\hong\source\repos\AlgorithmStudy\AlgorithmStudy\softeer_LV3_4.cpp(23,25):
          'const _Elem *std::end(std::initializer_list<_Elem>) noexcept': '_Ty'에서 'std::initializer_list<_Elem>'에 대한 템플릿 인수를 추론할 수 없습니다.
          with
          [
              _Ty=int
          ]
  
C:\Users\hong\source\repos\AlgorithmStudy\AlgorithmStudy\softeer_LV3_4.cpp(23,25): error C3536: '<begin>$L0': 초기화되기 전에 사용할 수 없습니다.
C:\Users\hong\source\repos\AlgorithmStudy\AlgorithmStudy\softeer_LV3_4.cpp(23,25): error C3536: '<end>$L0': 초기화되기 전에 사용할 수 없습니다.
C:\Users\hong\source\repos\AlgorithmStudy\AlgorithmStudy\softeer_LV3_4.cpp(23,31): error C2100: 'int' 형식의 피연산자를 역참조할 수 없습니다.
C:\Users\hong\source\repos\AlgorithmStudy\AlgorithmStudy\softeer_LV3_4.cpp(49,5): error C2664: 'void dfs(int,int,std::vector<int,std::allocator<int>>,int [])': 인수 3을(를) 'std::vector<int,std::allocator<int>> [200006]'에서 'std::vector<int,std::allocator<int>>'(으)로 변환할 수 없습니다.
      C:\Users\hong\source\repos\AlgorithmStudy\AlgorithmStudy\softeer_LV3_4.cpp(49,15):
      'std::vector<int,std::allocator<int>>::vector': 모든 인수 형식을 변환할 수 있는 오버로드된 함수가 없습니다.
          C:\Program Files\Microsoft Visual Studio\2022\Community\VC\Tools\MSVC\14.41.34120\include\vector(650,5):
          'std::vector<int,std::allocator<int>>::vector(std::initializer_list<_Ty>,const _Alloc &)'일 수 있습니다.
          with
          [
              _Ty=int,
              _Alloc=std::allocator<int>
          ]
              C:\Users\hong\source\repos\AlgorithmStudy\AlgorithmStudy\softeer_LV3_4.cpp(49,15):
              'std::vector<int,std::allocator<int>>::vector(std::initializer_list<_Ty>,const _Alloc &)': 인수 1을(를) 'std::vector<int,std::allocator<int>> [200006]'에서 'std::initializer_list<_Ty>'(으)로 변환할 수 없습니다.
          with
          [
              _Ty=int,
              _Alloc=std::allocator<int>
          ]
          and
          [
              _Ty=int
          ]
                  C:\Users\hong\source\repos\AlgorithmStudy\AlgorithmStudy\softeer_LV3_4.cpp(49,15):
                  변환하려면 둘째 사용자 정의 변환 연산자 또는 생성자가 있어야 합니다.
          C:\Program Files\Microsoft Visual Studio\2022\Community\VC\Tools\MSVC\14.41.34120\include\vector(623,5):
          또는       'std::vector<int,std::allocator<int>>::vector(_Iter,_Iter,const _Alloc &)'
          with
          [
              _Alloc=std::allocator<int>
          ]
          C:\Users\hong\source\repos\AlgorithmStudy\AlgorithmStudy\softeer_LV3_4.cpp(49,15):
          인수 목록 '(std::vector<int,std::allocator<int>> [200006])'을(를) 일치시키는 동안
      C:\Users\hong\source\repos\AlgorithmStudy\AlgorithmStudy\softeer_LV3_4.cpp(20,6):
      'dfs' 선언을 참조하십시오.
      C:\Users\hong\source\repos\AlgorithmStudy\AlgorithmStudy\softeer_LV3_4.cpp(49,5):
      인수 목록 '(int, int, std::vector<int,std::allocator<int>> [200006], int [100005])'을(를) 일치시키는 동안
  
C:\Users\hong\source\repos\AlgorithmStudy\AlgorithmStudy\softeer_LV3_4.cpp(51,5): error C2664: 'void dfs(int,int,std::vector<int,std::allocator<int>>,int [])': 인수 3을(를) 'std::vector<int,std::allocator<int>> [200006]'에서 'std::vector<int,std::allocator<int>>'(으)로 변환할 수 없습니다.
      C:\Users\hong\source\repos\AlgorithmStudy\AlgorithmStudy\softeer_LV3_4.cpp(51,15):
      'std::vector<int,std::allocator<int>>::vector': 모든 인수 형식을 변환할 수 있는 오버로드된 함수가 없습니다.
          C:\Program Files\Microsoft Visual Studio\2022\Community\VC\Tools\MSVC\14.41.34120\include\vector(650,5):
          'std::vector<int,std::allocator<int>>::vector(std::initializer_list<_Ty>,const _Alloc &)'일 수 있습니다.
          with
          [
              _Ty=int,
              _Alloc=std::allocator<int>
          ]
              C:\Users\hong\source\repos\AlgorithmStudy\AlgorithmStudy\softeer_LV3_4.cpp(51,15):
              'std::vector<int,std::allocator<int>>::vector(std::initializer_list<_Ty>,const _Alloc &)': 인수 1을(를) 'std::vector<int,std::allocator<int>> [200006]'에서 'std::initializer_list<_Ty>'(으)로 변환할 수 없습니다.
          with
          [
              _Ty=int,
              _Alloc=std::allocator<int>
          ]
          and
          [
              _Ty=int
          ]
                  C:\Users\hong\source\repos\AlgorithmStudy\AlgorithmStudy\softeer_LV3_4.cpp(51,15):
                  변환하려면 둘째 사용자 정의 변환 연산자 또는 생성자가 있어야 합니다.
          C:\Program Files\Microsoft Visual Studio\2022\Community\VC\Tools\MSVC\14.41.34120\include\vector(623,5):
          또는       'std::vector<int,std::allocator<int>>::vector(_Iter,_Iter,const _Alloc &)'
          with
          [
              _Alloc=std::allocator<int>
          ]
          C:\Users\hong\source\repos\AlgorithmStudy\AlgorithmStudy\softeer_LV3_4.cpp(51,15):
          인수 목록 '(std::vector<int,std::allocator<int>> [200006])'을(를) 일치시키는 동안
      C:\Users\hong\source\repos\AlgorithmStudy\AlgorithmStudy\softeer_LV3_4.cpp(20,6):
      'dfs' 선언을 참조하십시오.
      C:\Users\hong\source\repos\AlgorithmStudy\AlgorithmStudy\softeer_LV3_4.cpp(51,5):
      인수 목록 '(int, int, std::vector<int,std::allocator<int>> [200006], int [100005])'을(를) 일치시키는 동안
  
C:\Users\hong\source\repos\AlgorithmStudy\AlgorithmStudy\softeer_LV3_4.cpp(53,5): error C2664: 'void dfs(int,int,std::vector<int,std::allocator<int>>,int [])': 인수 3을(를) 'std::vector<int,std::allocator<int>> [200006]'에서 'std::vector<int,std::allocator<int>>'(으)로 변환할 수 없습니다.
      C:\Users\hong\source\repos\AlgorithmStudy\AlgorithmStudy\softeer_LV3_4.cpp(53,15):
      'std::vector<int,std::allocator<int>>::vector': 모든 인수 형식을 변환할 수 있는 오버로드된 함수가 없습니다.
          C:\Program Files\Microsoft Visual Studio\2022\Community\VC\Tools\MSVC\14.41.34120\include\vector(650,5):
          'std::vector<int,std::allocator<int>>::vector(std::initializer_list<_Ty>,const _Alloc &)'일 수 있습니다.
          with
          [
              _Ty=int,
              _Alloc=std::allocator<int>
          ]
              C:\Users\hong\source\repos\AlgorithmStudy\AlgorithmStudy\softeer_LV3_4.cpp(53,15):
              'std::vector<int,std::allocator<int>>::vector(std::initializer_list<_Ty>,const _Alloc &)': 인수 1을(를) 'std::vector<int,std::allocator<int>> [200006]'에서 'std::initializer_list<_Ty>'(으)로 변환할 수 없습니다.
          with
          [
              _Ty=int,
              _Alloc=std::allocator<int>
          ]
          and
          [
              _Ty=int
          ]
                  C:\Users\hong\source\repos\AlgorithmStudy\AlgorithmStudy\softeer_LV3_4.cpp(53,15):
                  변환하려면 둘째 사용자 정의 변환 연산자 또는 생성자가 있어야 합니다.
          C:\Program Files\Microsoft Visual Studio\2022\Community\VC\Tools\MSVC\14.41.34120\include\vector(623,5):
          또는       'std::vector<int,std::allocator<int>>::vector(_Iter,_Iter,const _Alloc &)'
          with
          [
              _Alloc=std::allocator<int>
          ]
          C:\Users\hong\source\repos\AlgorithmStudy\AlgorithmStudy\softeer_LV3_4.cpp(53,15):
          인수 목록 '(std::vector<int,std::allocator<int>> [200006])'을(를) 일치시키는 동안
      C:\Users\hong\source\repos\AlgorithmStudy\AlgorithmStudy\softeer_LV3_4.cpp(20,6):
      'dfs' 선언을 참조하십시오.
      C:\Users\hong\source\repos\AlgorithmStudy\AlgorithmStudy\softeer_LV3_4.cpp(53,5):
      인수 목록 '(int, int, std::vector<int,std::allocator<int>> [200006], int [100005])'을(를) 일치시키는 동안
  
C:\Users\hong\source\repos\AlgorithmStudy\AlgorithmStudy\softeer_LV3_4.cpp(55,5): error C2664: 'void dfs(int,int,std::vector<int,std::allocator<int>>,int [])': 인수 3을(를) 'std::vector<int,std::allocator<int>> [200006]'에서 'std::vector<int,std::allocator<int>>'(으)로 변환할 수 없습니다.
      C:\Users\hong\source\repos\AlgorithmStudy\AlgorithmStudy\softeer_LV3_4.cpp(55,15):
      'std::vector<int,std::allocator<int>>::vector': 모든 인수 형식을 변환할 수 있는 오버로드된 함수가 없습니다.
          C:\Program Files\Microsoft Visual Studio\2022\Community\VC\Tools\MSVC\14.41.34120\include\vector(650,5):
          'std::vector<int,std::allocator<int>>::vector(std::initializer_list<_Ty>,const _Alloc &)'일 수 있습니다.
          with
          [
              _Ty=int,
              _Alloc=std::allocator<int>
          ]
              C:\Users\hong\source\repos\AlgorithmStudy\AlgorithmStudy\softeer_LV3_4.cpp(55,15):
              'std::vector<int,std::allocator<int>>::vector(std::initializer_list<_Ty>,const _Alloc &)': 인수 1을(를) 'std::vector<int,std::allocator<int>> [200006]'에서 'std::initializer_list<_Ty>'(으)로 변환할 수 없습니다.
          with
          [
              _Ty=int,
              _Alloc=std::allocator<int>
          ]
          and
          [
              _Ty=int
          ]
                  C:\Users\hong\source\repos\AlgorithmStudy\AlgorithmStudy\softeer_LV3_4.cpp(55,15):
                  변환하려면 둘째 사용자 정의 변환 연산자 또는 생성자가 있어야 합니다.
          C:\Program Files\Microsoft Visual Studio\2022\Community\VC\Tools\MSVC\14.41.34120\include\vector(623,5):
          또는       'std::vector<int,std::allocator<int>>::vector(_Iter,_Iter,const _Alloc &)'
          with
          [
              _Alloc=std::allocator<int>
          ]
          C:\Users\hong\source\repos\AlgorithmStudy\AlgorithmStudy\softeer_LV3_4.cpp(55,15):
          인수 목록 '(std::vector<int,std::allocator<int>> [200006])'을(를) 일치시키는 동안
      C:\Users\hong\source\repos\AlgorithmStudy\AlgorithmStudy\softeer_LV3_4.cpp(20,6):
      'dfs' 선언을 참조하십시오.
      C:\Users\hong\source\repos\AlgorithmStudy\AlgorithmStudy\softeer_LV3_4.cpp(55,5):
      인수 목록 '(int, int, std::vector<int,std::allocator<int>> [200006], int [100005])'을(를) 일치시키는 동안
  
